Removed Pin From Net: NetName=SIM_VCC Pin=J3-C1
Removed Pin From Net: NetName=RST_EN Pin=J3-C2
Removed Pin From Net: NetName=CLK_EN Pin=J3-C3
Removed Pin From Net: NetName=GND Pin=J3-C5
Removed Pin From Net: NetName=DATA_EN Pin=J3-C7
Removed Pin From Net: NetName=GND Pin=J3-G1
Removed Pin From Net: NetName=GND Pin=J3-G2
Removed Pin From Net: NetName=GND Pin=J3-G3
Removed Pin From Net: NetName=GND Pin=J3-G4
Removed Pin From Net: NetName=GND Pin=J3-G5
Removed Pin From Net: NetName=GND Pin=J3-G6
Removed Member From Class: ClassName=SIM7020 Member=J3
Added Component: Designator=J?(CUI_NSIM-1-A)
Add component (AddParameter): Name = "Availability"; Value = "Unavailable"; VariantName = "[No Variations]"
Add component (AddParameter): Name = "MF"; Value = ""; VariantName = "[No Variations]"
Add component (AddParameter): Name = "MP"; Value = "NSIM-1-A"; VariantName = "[No Variations]"
Add component (AddParameter): Name = "Package"; Value = "None"; VariantName = "[No Variations]"
Add component (AddParameter): Name = "Price"; Value = "None"; VariantName = "[No Variations]"
Add component (AddParameter): Name = "Value"; Value = ""; VariantName = "[No Variations]"
Added Pin To Net: NetName=SIM_VCC Pin=J?-C1
Added Pin To Net: NetName=RST_EN Pin=J?-C2
Added Pin To Net: NetName=CLK_EN Pin=J?-C3
Added Pin To Net: NetName=GND Pin=J?-C5
Added Pin To Net: NetName=DATA_EN Pin=J?-C7
Added Pin To Net: NetName=GND Pin=J?-SH1
Added Pin To Net: NetName=GND Pin=J?-SH2
Added Pin To Net: NetName=GND Pin=J?-SH3
Added Pin To Net: NetName=GND Pin=J?-SH4
Added Member To Class: ClassName=SIM7020 Member=Component J? NSIM-1-A
