Added Component: Designator=R20(CAPC0603X33N)
Add component (AddParameter): Name = "Availability"; Value = "Unavailable"; VariantName = "[No Variations]"
Add component (AddParameter): Name = "MF"; Value = ""; VariantName = "[No Variations]"
Add component (AddParameter): Name = "MP"; Value = "CRGS0603J180K"; VariantName = "[No Variations]"
Add component (AddParameter): Name = "Package"; Value = "None"; VariantName = "[No Variations]"
Add component (AddParameter): Name = "Price"; Value = "None"; VariantName = "[No Variations]"
Add component (AddParameter): Name = "Value"; Value = ""; VariantName = "[No Variations]"
Added Pin To Net: NetName=V_BAT Pin=D1-K
Added Pin To Net: NetName=GND Pin=J1-8
Added Pin To Net: NetName=GND Pin=J1-27
Added Pin To Net: NetName=GND Pin=J1-30
Added Pin To Net: NetName=GND Pin=J1-31
Added Pin To Net: NetName=GND Pin=J1-33
Added Pin To Net: NetName=V_BAT Pin=J1-34
Added Pin To Net: NetName=V_BAT Pin=J1-35
Added Pin To Net: NetName=GND Pin=J1-36
Added Pin To Net: NetName=GND Pin=J1-37
Added Pin To Net: NetName=VDD_EXT Pin=J1-40
Added Pin To Net: NetName=V_BAT Pin=PO1-1
Added Pin To Net: NetName=V_BAT Pin=Q5-2
Added Pin To Net: NetName=V_BAT Pin=R13-2
Added Pin To Net: NetName=V_BAT Pin=R18-2
Added Pin To Net: NetName=VDD_3V3 Pin=R20-1
Added Pin To Net: NetName=NetJ1_9 Pin=J1-9
Added Pin To Net: NetName=NetJ1_9 Pin=R20-2
Added Net: Name=NetJ1_9
Added Member To Class: ClassName=SIM7020 Member=Component R20 0
