Removed Pin From Net: NetName=NetC1_1 Pin=Q1-2
Removed Pin From Net: NetName=PWRKEY Pin=Q1-3
Removed Pin From Net: NetName=NetC2_1 Pin=Q2-2
Removed Pin From Net: NetName=RESET Pin=Q2-3
Removed Pin From Net: NetName=GND Pin=Q-2
Removed Member From Class: ClassName=SIM7020 Member=Q1
Removed Member From Class: ClassName=SIM7020 Member=Q2
Removed Member From Class: ClassName=SIM7020 Member=Q
Added Pin To Net: NetName=NetR1_1 Pin=R1-1
Added Pin To Net: NetName=NetR1_1 Pin=R2-2
Added Net: Name=NetR1_1
Added Pin To Net: NetName=NetR3_1 Pin=R3-1
Added Pin To Net: NetName=NetR3_1 Pin=R6-2
Added Net: Name=NetR3_1
Added Pin To Net: NetName=NetR12_1 Pin=R12-1
Added Pin To Net: NetName=NetR12_1 Pin=R13-1
Added Net: Name=NetR12_1
Added Pin To Net: NetName=NetR16_1 Pin=R16-1
Added Pin To Net: NetName=NetR16_1 Pin=R19-2
Added Net: Name=NetR16_1
Added Member To Class: ClassName=SIM7020 Member=Component Q5 FDN340P
