Removed Pin From Net: NetName=BT4_ISR Pin=U2-2
Removed Pin From Net: NetName=RO Pin=U2-6
Removed Pin From Net: NetName=RE Pin=U2-7
Removed Pin From Net: NetName=BT1 Pin=U2-11
Removed Pin From Net: NetName=BT2 Pin=U2-12
Removed Pin From Net: NetName=BT3 Pin=U2-13
Removed Pin From Net: NetName=GND Pin=U2-17
Removed Pin From Net: NetName=3V3 Pin=U2-18
Removed Pin From Net: NetName=SBWTCK Pin=U2-19
Removed Pin From Net: NetName=SBWTDIO Pin=U2-20
Removed Pin From Net: NetName=TXD1 Pin=U2-26
Removed Pin From Net: NetName=RXD1 Pin=U2-27
Removed Pin From Net: NetName=SIM_PWR Pin=U2-28
Removed Pin From Net: NetName=SIM_RST Pin=U2-29
Removed Pin From Net: NetName=SIM_MASTER Pin=U2-30
Removed Pin From Net: NetName=DE Pin=U2-32
Removed Pin From Net: NetName=DI Pin=U2-33
Removed Pin From Net: NetName=GND Pin=U2-34
Removed Pin From Net: NetName=3V3 Pin=U2-35
Removed Pin From Net: NetName=PS_EN Pin=U2-36
Removed Pin From Net: NetName=RS Pin=U2-40
Removed Pin From Net: NetName=RW Pin=U2-41
Removed Pin From Net: NetName=E Pin=U2-42
Removed Pin From Net: NetName=D4 Pin=U2-44
Removed Pin From Net: NetName=D5 Pin=U2-45
Removed Pin From Net: NetName=D6 Pin=U2-46
Removed Pin From Net: NetName=D7 Pin=U2-47
Removed Pin From Net: NetName=GND Pin=U2-49
Removed Pin From Net: NetName=AVCC Pin=U2-52
Removed Pin From Net: NetName=GND Pin=U2-53
Removed Pin From Net: NetName=GND Pin=U2-56
Removed Pin From Net: NetName=LFXIN Pin=U2-57
Removed Pin From Net: NetName=LFXOUT Pin=U2-58
Removed Pin From Net: NetName=GND Pin=U2-59
Removed Pin From Net: NetName=GND Pin=U2-62
Removed Pin From Net: NetName=3V3 Pin=U2-63
Removed Member From Class: ClassName=MCU_Ver1 Member=U2
