Added Component: Designator=U2(IC_BQ500215RGCR)
Added Pin To Net: NetName=BT4_ISR Pin=U2-2
Added Pin To Net: NetName=RO Pin=U2-6
Added Pin To Net: NetName=RE Pin=U2-7
Added Pin To Net: NetName=BT1 Pin=U2-11
Added Pin To Net: NetName=BT2 Pin=U2-12
Added Pin To Net: NetName=BT3 Pin=U2-13
Added Pin To Net: NetName=GND Pin=U2-17
Added Pin To Net: NetName=3V3 Pin=U2-18
Added Pin To Net: NetName=SBWTCK Pin=U2-19
Added Pin To Net: NetName=SBWTDIO Pin=U2-20
Added Pin To Net: NetName=TXD1 Pin=U2-26
Added Pin To Net: NetName=RXD1 Pin=U2-27
Added Pin To Net: NetName=SIM_PWR Pin=U2-28
Added Pin To Net: NetName=SIM_RST Pin=U2-29
Added Pin To Net: NetName=SIM_MASTER Pin=U2-30
Added Pin To Net: NetName=DE Pin=U2-32
Added Pin To Net: NetName=DI Pin=U2-33
Added Pin To Net: NetName=GND Pin=U2-34
Added Pin To Net: NetName=3V3 Pin=U2-35
Added Pin To Net: NetName=PS_EN Pin=U2-36
Added Pin To Net: NetName=RS Pin=U2-40
Added Pin To Net: NetName=RW Pin=U2-41
Added Pin To Net: NetName=E Pin=U2-42
Added Pin To Net: NetName=D4 Pin=U2-44
Added Pin To Net: NetName=D5 Pin=U2-45
Added Pin To Net: NetName=D6 Pin=U2-46
Added Pin To Net: NetName=D7 Pin=U2-47
Added Pin To Net: NetName=GND Pin=U2-49
Added Pin To Net: NetName=AVCC Pin=U2-52
Added Pin To Net: NetName=GND Pin=U2-53
Added Pin To Net: NetName=GND Pin=U2-56
Added Pin To Net: NetName=LFXIN Pin=U2-57
Added Pin To Net: NetName=LFXOUT Pin=U2-58
Added Pin To Net: NetName=GND Pin=U2-59
Added Pin To Net: NetName=GND Pin=U2-62
Added Pin To Net: NetName=3V3 Pin=U2-63
Added Pin To Net: NetName=GND Pin=U2-64
Added Pin To Net: NetName=GND Pin=U2-65
Added Member To Class: ClassName=MCU_Ver1 Member=Component U2 21/2/2025
