Removed Pin From Net: NetName=PS_EN Pin=U?-5
Removed Member From Class: ClassName=MCU_Ver1 Member=Buttons?
Change Component Designator: OldDesignator=C NewDesignator=C9
Change Component Designator: OldDesignator=C? NewDesignator=C1
Change Component Designator: OldDesignator=C? NewDesignator=C2
Change Component Designator: OldDesignator=C? NewDesignator=C3
Change Component Designator: OldDesignator=C? NewDesignator=C4
Change Component Designator: OldDesignator=C? NewDesignator=C5
Change Component Designator: OldDesignator=C? NewDesignator=C6
Change Component Designator: OldDesignator=C? NewDesignator=C7
Change Component Designator: OldDesignator=C? NewDesignator=C8
Change Component Designator: OldDesignator=L? NewDesignator=L1
Change Component Designator: OldDesignator=L? NewDesignator=L2
Change Component Designator: OldDesignator=NPK_? NewDesignator=NPK_1
Change Component Designator: OldDesignator=PO? NewDesignator=PO1
Change Component Designator: OldDesignator=R? NewDesignator=R1
Change Component Designator: OldDesignator=R? NewDesignator=R2
Change Component Designator: OldDesignator=R? NewDesignator=R3
Change Component Designator: OldDesignator=R? NewDesignator=R4
Change Component Designator: OldDesignator=R? NewDesignator=R5
Change Component Designator: OldDesignator=R? NewDesignator=R6
Change Component Designator: OldDesignator=R? NewDesignator=R7
Change Component Designator: OldDesignator=U? NewDesignator=U1
Change Component Designator: OldDesignator=U? NewDesignator=U2
Change Component Designator: OldDesignator=VR? NewDesignator=VR1
Change Component Designator: OldDesignator=X? NewDesignator=X1
Added Component: Designator=J1(TE_640388-2)
Add component (AddParameter): Name = "Availability"; Value = "Unavailable"; VariantName = "[No Variations]"
Add component (AddParameter): Name = "EU_RoHS_Compliance"; Value = "Compliant"; VariantName = "[No Variations]"
Add component (AddParameter): Name = "MF"; Value = "TE Connectivity"; VariantName = "[No Variations]"
Add component (AddParameter): Name = "MP"; Value = "640388-2"; VariantName = "[No Variations]"
Add component (AddParameter): Name = "Package"; Value = "None"; VariantName = "[No Variations]"
Add component (AddParameter): Name = "Price"; Value = "None"; VariantName = "[No Variations]"
Add component (AddParameter): Name = "SnapEDA_Link"; Value = "https://www.snapeda.com/parts/640388-2/TE%20Connectivity%20AMP%20Connectors/view-part/437691/?ref=snap"; VariantName = "[No Variations]"
Add component (AddParameter): Name = "TE_purchase_URL"; Value = "https://www.te.com/usa-en/product-640388-2.html?te_bu=Cor&te_type=disp&te_campaign=seda_glo_cor-seda-global-disp-prtnr-fy19-seda-model-bom-cta_sma-317_1&elqCampaignId=32493"; VariantName = "[No Variations]"
Add component (AddParameter): Name = "Value"; Value = ""; VariantName = "[No Variations]"
Added Component: Designator=PO2(PCBComponent_1)
Added Component: Designator=R8(RESC1608X50N)
Add component (AddParameter): Name = "Availability"; Value = "Unavailable"; VariantName = "[No Variations]"
Add component (AddParameter): Name = "MF"; Value = ""; VariantName = "[No Variations]"
Add component (AddParameter): Name = "MP"; Value = "CRGS0603J180K"; VariantName = "[No Variations]"
Add component (AddParameter): Name = "Package"; Value = "None"; VariantName = "[No Variations]"
Add component (AddParameter): Name = "Price"; Value = "None"; VariantName = "[No Variations]"
Add component (AddParameter): Name = "Value"; Value = ""; VariantName = "[No Variations]"
Added Component: Designator=R9(RESC1608X50N)
Add component (AddParameter): Name = "Availability"; Value = "Unavailable"; VariantName = "[No Variations]"
Add component (AddParameter): Name = "MF"; Value = ""; VariantName = "[No Variations]"
Add component (AddParameter): Name = "MP"; Value = "CRGS0603J180K"; VariantName = "[No Variations]"
Add component (AddParameter): Name = "Package"; Value = "None"; VariantName = "[No Variations]"
Add component (AddParameter): Name = "Price"; Value = "None"; VariantName = "[No Variations]"
Add component (AddParameter): Name = "Value"; Value = ""; VariantName = "[No Variations]"
Added Pin To Net: NetName=5V Pin=J1-1
Added Pin To Net: NetName=GND Pin=J1-2
Added Pin To Net: NetName=GND Pin=PO2-1
Added Pin To Net: NetName=5V Pin=PO2-2
Added Pin To Net: NetName=3V3 Pin=PO2-3
Added Pin To Net: NetName=RXD1 Pin=PO2-4
Added Pin To Net: NetName=TXD1 Pin=PO2-5
Added Pin To Net: NetName=NetC?_1 Pin=R8-1
Added Pin To Net: NetName=PS_EN Pin=R9-1
Added Pin To Net: NetName=GND Pin=U2-17
Added Pin To Net: NetName=3V3 Pin=U2-18
Added Pin To Net: NetName=TXD1 Pin=U2-26
Added Pin To Net: NetName=RXD1 Pin=U2-27
Added Pin To Net: NetName=SIM_PWR Pin=U2-28
Added Pin To Net: NetName=SIM_RST Pin=U2-29
Added Pin To Net: NetName=SIM_MASTER Pin=U2-30
Added Pin To Net: NetName=GND Pin=U2-34
Added Pin To Net: NetName=3V3 Pin=U2-35
Added Pin To Net: NetName=PS_EN Pin=U2-36
Added Pin To Net: NetName=RS Pin=U2-40
Added Pin To Net: NetName=RW Pin=U2-41
Added Pin To Net: NetName=E Pin=U2-42
Added Pin To Net: NetName=D4 Pin=U2-44
Added Pin To Net: NetName=D5 Pin=U2-45
Added Pin To Net: NetName=D6 Pin=U2-46
Added Pin To Net: NetName=D7 Pin=U2-47
Added Pin To Net: NetName=GND Pin=U2-49
Added Pin To Net: NetName=AVCC Pin=U2-52
Added Pin To Net: NetName=GND Pin=U2-53
Added Pin To Net: NetName=GND Pin=U2-56
Added Pin To Net: NetName=GND Pin=U2-59
Added Pin To Net: NetName=GND Pin=U2-62
Added Pin To Net: NetName=3V3 Pin=U2-63
Added Pin To Net: NetName=5V Pin=VR1-1
Change Net Name : Old Net Name=NetC?_1 New Net Name=NetC6_1
Change Net Name : Old Net Name=NetC_2 New Net Name=NetC9_2
Change Net Name : Old Net Name=NetL?_2 New Net Name=NetL1_2
Change Net Name : Old Net Name=NetPO?_5 New Net Name=NetPO1_5
Change Net Name : Old Net Name=NetPO?_6 New Net Name=NetPO1_6
Change Net Name : Old Net Name=NetR?_2 New Net Name=NetR3_2
Added Pin To Net: NetName=BT1 Pin=U2-11
Added Net: Name=BT1
Added Pin To Net: NetName=BT2 Pin=U2-12
Added Net: Name=BT2
Added Pin To Net: NetName=BT3 Pin=U2-13
Added Net: Name=BT3
Added Pin To Net: NetName=BT4_ISR Pin=U2-2
Added Net: Name=BT4_ISR
Added Pin To Net: NetName=NetL2_3 Pin=L2-3
Added Pin To Net: NetName=NetL2_3 Pin=VR1-2
Added Net: Name=NetL2_3
Added Pin To Net: NetName=NetR8_2 Pin=R8-2
Added Pin To Net: NetName=NetR8_2 Pin=R9-2
Added Pin To Net: NetName=NetR8_2 Pin=U1-5
Added Net: Name=NetR8_2
Added Pin To Net: NetName=SBWTCK Pin=PO2-7
Added Pin To Net: NetName=SBWTCK Pin=U2-19
Added Net: Name=SBWTCK
Added Pin To Net: NetName=SBWTDIO Pin=PO2-6
Added Pin To Net: NetName=SBWTDIO Pin=U2-20
Added Net: Name=SBWTDIO
Added Member To Class: ClassName=MCU_Ver1 Member=Component C1 100n
Added Member To Class: ClassName=MCU_Ver1 Member=Component C2 100n
Added Member To Class: ClassName=MCU_Ver1 Member=Component C3 100n
Added Member To Class: ClassName=MCU_Ver1 Member=Component C4 100n
Added Member To Class: ClassName=MCU_Ver1 Member=Component C5 100n
Added Member To Class: ClassName=MCU_Ver1 Member=Component C6 10u
Added Member To Class: ClassName=MCU_Ver1 Member=Component C7 22pF
Added Member To Class: ClassName=MCU_Ver1 Member=Component C9 10u
Added Member To Class: ClassName=MCU_Ver1 Member=Component J1 640388-2
Added Member To Class: ClassName=MCU_Ver1 Member=Component L1 2.2u
Added Member To Class: ClassName=MCU_Ver1 Member=Component PO2 MNTT 23/9/2023
Added Member To Class: ClassName=MCU_Ver1 Member=Component R1 0
Added Member To Class: ClassName=MCU_Ver1 Member=Component R3 0
Added Member To Class: ClassName=MCU_Ver1 Member=Component R4 0
Added Member To Class: ClassName=MCU_Ver1 Member=Component R5 0
Added Member To Class: ClassName=MCU_Ver1 Member=Component R6 0
Added Member To Class: ClassName=MCU_Ver1 Member=Component R7 4k7
Added Member To Class: ClassName=MCU_Ver1 Member=Component R8 0
Added Member To Class: ClassName=MCU_Ver1 Member=Component R9 0
Added Member To Class: ClassName=MCU_Ver1 Member=Component U2 21/2/2025
