Added Component: Designator=SW1(SW2)
Add component (AddParameter): Name = "Value"; Value = "SW chip 2 pin"; VariantName = "[No Variations]"
Added Component: Designator=SW2(SW2)
Add component (AddParameter): Name = "Value"; Value = "SW chip 2 pin"; VariantName = "[No Variations]"
Added Component: Designator=SW3(SW2)
Add component (AddParameter): Name = "Value"; Value = "SW chip 2 pin"; VariantName = "[No Variations]"
Added Component: Designator=SW4(SW2)
Add component (AddParameter): Name = "Value"; Value = "SW chip 2 pin"; VariantName = "[No Variations]"
Added Pin To Net: NetName=BT1 Pin=SW1-1
Added Pin To Net: NetName=GND Pin=SW1-2
Added Pin To Net: NetName=BT2 Pin=SW2-1
Added Pin To Net: NetName=GND Pin=SW2-2
Added Pin To Net: NetName=BT3 Pin=SW3-1
Added Pin To Net: NetName=GND Pin=SW3-2
Added Pin To Net: NetName=BT4_ISR Pin=SW4-1
Added Pin To Net: NetName=GND Pin=SW4-2
Added Member To Class: ClassName=MCU_Ver1 Member=Component C8 1n1
Added Member To Class: ClassName=MCU_Ver1 Member=Component C 22pF
Added Member To Class: ClassName=MCU_Ver1 Member=Component L2 25/02/2025
Added Member To Class: ClassName=MCU_Ver1 Member=Component R2 0
Added Member To Class: ClassName=MCU_Ver1 Member=Component SW1 SW
Added Member To Class: ClassName=MCU_Ver1 Member=Component SW2 SW
Added Member To Class: ClassName=MCU_Ver1 Member=Component SW3 SW
Added Member To Class: ClassName=MCU_Ver1 Member=Component SW4 SW
